c:\users\kawad\onedrive\ドキュメント\game\honki\project1\x64\debug\vc141.pdb
c:\users\kawad\onedrive\ドキュメント\game\honki\project1\x64\debug\vc141.idb
c:\users\kawad\onedrive\ドキュメント\game\honki\project1\x64\debug\theworld.obj
c:\users\kawad\onedrive\ドキュメント\game\honki\project1\x64\debug\state_ui.obj
c:\users\kawad\onedrive\ドキュメント\game\honki\project1\x64\debug\slime.obj
c:\users\kawad\onedrive\ドキュメント\game\honki\project1\x64\debug\score.obj
c:\users\kawad\onedrive\ドキュメント\game\honki\project1\x64\debug\player.obj
c:\users\kawad\onedrive\ドキュメント\game\honki\project1\x64\debug\monster.obj
c:\users\kawad\onedrive\ドキュメント\game\honki\project1\x64\debug\main.obj
c:\users\kawad\onedrive\ドキュメント\game\honki\project1\x64\debug\life.obj
c:\users\kawad\onedrive\ドキュメント\game\honki\project1\x64\debug\hitpoint.obj
c:\users\kawad\onedrive\ドキュメント\game\honki\project1\x64\debug\gslime.obj
c:\users\kawad\onedrive\ドキュメント\game\honki\project1\x64\debug\ghost.obj
c:\users\kawad\onedrive\ドキュメント\game\honki\project1\x64\debug\generatemonster.obj
c:\users\kawad\onedrive\ドキュメント\game\honki\project1\x64\debug\dropscore.obj
c:\users\kawad\onedrive\ドキュメント\game\honki\project1\x64\debug\debug.obj
c:\users\kawad\onedrive\ドキュメント\game\honki\project1\x64\debug\combo.obj
c:\users\kawad\onedrive\ドキュメント\game\honki\project1\x64\debug\collision.obj
c:\users\kawad\onedrive\ドキュメント\game\honki\project1\x64\debug\char.obj
c:\users\kawad\onedrive\ドキュメント\game\honki\project1\x64\debug\box.obj
c:\users\kawad\onedrive\ドキュメント\game\honki\project1\x64\debug\bomb.obj
c:\users\kawad\onedrive\ドキュメント\game\honki\project1\x64\debug\bird.obj
c:\users\kawad\onedrive\ドキュメント\game\honki\project1\x64\debug\world.obj
c:\users\kawad\onedrive\ドキュメント\game\honki\project1\x64\debug\weapon.obj
c:\users\kawad\onedrive\ドキュメント\game\honki\project1\x64\debug\vanishmonster.obj
c:\users\kawad\onedrive\ドキュメント\game\honki\project1\x64\debug\controltime.obj
c:\users\kawad\onedrive\ドキュメント\game\honki\project1\x64\debug\ranking.obj
c:\users\kawad\onedrive\ドキュメント\game\honki\project1\x64\debug\gameover.obj
c:\users\kawad\onedrive\ドキュメント\game\honki\project1\x64\debug\project1.exe
c:\users\kawad\onedrive\ドキュメント\game\honki\project1\x64\debug\project1.ilk
c:\users\kawad\onedrive\ドキュメント\game\honki\project1\x64\debug\project1.pdb
c:\users\kawad\onedrive\ドキュメント\game\honki\project1\x64\debug\debug.obj.enc
c:\users\kawad\onedrive\ドキュメント\game\honki\project1\x64\debug\dropscore.obj.enc
c:\users\kawad\onedrive\ドキュメント\game\honki\project1\x64\debug\generatemonster.obj.enc
c:\users\kawad\onedrive\ドキュメント\game\honki\project1\x64\debug\main.obj.enc
c:\users\kawad\onedrive\ドキュメント\game\honki\project1\x64\debug\vanishmonster.obj.enc
c:\users\kawad\onedrive\ドキュメント\game\honki\project1\x64\debug\project1.tlog\cl.command.1.tlog
c:\users\kawad\onedrive\ドキュメント\game\honki\project1\x64\debug\project1.tlog\cl.read.1.tlog
c:\users\kawad\onedrive\ドキュメント\game\honki\project1\x64\debug\project1.tlog\cl.write.1.tlog
c:\users\kawad\onedrive\ドキュメント\game\honki\project1\x64\debug\project1.tlog\link.command.1.tlog
c:\users\kawad\onedrive\ドキュメント\game\honki\project1\x64\debug\project1.tlog\link.read.1.tlog
c:\users\kawad\onedrive\ドキュメント\game\honki\project1\x64\debug\project1.tlog\link.write.1.tlog
